<?xml version="1.0" encoding="UTF-8"?>
<!-- Generated by org.testng.reporters.JUnitReportReporter -->
<testsuite hostname="vamshi" failures="0" tests="3" name="Practice.Test2" time="0.019" errors="0" timestamp="2024-05-29T12:15:27 IST" skipped="0">
  <testcase classname="Practice.Test2" name="logOut" time="0.006"/>
  <system-out/>
  <testcase classname="Practice.Test2" name="openBrowser" time="0.005"/>
  <system-out/>
  <testcase classname="Practice.Test2" name="login" time="0.008"/>
  <system-out/>
</testsuite> <!-- Practice.Test2 -->
