<?xml version="1.0" encoding="UTF-8"?>
<!-- Generated by org.testng.reporters.JUnitReportReporter -->
<testsuite hostname="vamshi" failures="0" tests="1" name="Scenarios.SimultaniousDataFromExcel" time="1.268" errors="0" timestamp="2022-11-10T11:05:15 IST" skipped="0">
  <testcase classname="Scenarios.SimultaniousDataFromExcel" name="simultaniousDataFromExcel" time="1.268"/>
  <system-out/>
</testsuite> <!-- Scenarios.SimultaniousDataFromExcel -->
