<?xml version="1.0" encoding="UTF-8"?>
<!-- Generated by org.testng.reporters.JUnitReportReporter -->
<testsuite hostname="vamshi" failures="0" tests="4" name="Practice.Test1" time="0.325" errors="0" timestamp="2024-05-29T12:15:27 IST" skipped="0">
  <testcase classname="Practice.Test1" name="openBrowser" time="0.010"/>
  <system-out/>
  <testcase classname="Practice.Test1" name="testMethod" time="0.005"/>
  <system-out/>
  <testcase classname="Practice.Test1" name="closeBrowser" time="0.305"/>
  <system-out/>
  <testcase classname="Practice.Test1" name="login" time="0.005"/>
  <system-out/>
</testsuite> <!-- Practice.Test1 -->
